<?xml version="1.0" encoding="UTF-8"?>
<!-- Generated by org.testng.reporters.JUnitReportReporter -->
<testsuite hostname="DESKTOP-73NPAR6" failures="0" tests="1" name="testNGTests.Activity1" time="6.750" errors="0" timestamp="2020-12-23T11:38:28 IST" skipped="0">
  <testcase classname="testNGTests.Activity1" name="f" time="6.750"/>
  <system-out/>
</testsuite> <!-- testNGTests.Activity1 -->
