<?xml version="1.0" encoding="UTF-8"?>
<!-- Generated by org.testng.reporters.JUnitReportReporter -->
<testsuite hostname="DESKTOP-73NPAR6" failures="0" tests="1" name="projectSelenium.Activity7" time="5.733" errors="0" timestamp="2020-12-24T10:13:44 IST" skipped="0">
  <testcase classname="projectSelenium.Activity7" name="f" time="5.733"/>
  <system-out/>
</testsuite> <!-- projectSelenium.Activity7 -->
