<?xml version="1.0" encoding="UTF-8"?>
<!-- Generated by org.testng.reporters.JUnitReportReporter -->
<testsuite hostname="DESKTOP-73NPAR6" failures="0" tests="1" name="testNGTests.Activity3" time="0.416" errors="0" timestamp="2020-12-23T11:38:28 IST" skipped="0">
  <testcase classname="testNGTests.Activity3" name="f" time="0.416"/>
  <system-out/>
</testsuite> <!-- testNGTests.Activity3 -->
