<?xml version="1.0" encoding="UTF-8"?>
<!-- Generated by org.testng.reporters.JUnitReportReporter -->
<testsuite hostname="DESKTOP-73NPAR6" failures="0" tests="5" name="testNGTests.Activity5" time="0.095" errors="0" timestamp="2020-12-23T11:38:28 IST" skipped="0">
  <testcase classname="testNGTests.Activity5" name="ButtonTest1" time="0.037"/>
  <system-out/>
  <testcase classname="testNGTests.Activity5" name="ButtonTest2" time="0.011"/>
  <system-out/>
  <testcase classname="testNGTests.Activity5" name="HeaderTest1" time="0.018"/>
  <system-out/>
  <testcase classname="testNGTests.Activity5" name="HeaderTest2" time="0.021"/>
  <system-out/>
  <testcase classname="testNGTests.Activity5" name="pageTitleTest" time="0.008"/>
  <system-out/>
</testsuite> <!-- testNGTests.Activity5 -->
