<?xml version="1.0" encoding="UTF-8"?>
<!-- Generated by org.testng.reporters.JUnitReportReporter -->
<testsuite hostname="DESKTOP-73NPAR6" failures="0" tests="3" name="testNGTests.Activity9" time="0.296" errors="0" timestamp="2020-12-23T11:38:28 IST" skipped="0">
  <testcase classname="testNGTests.Activity9" name="simpleAlertTestCase" time="0.109"/>
  <system-out>
simpleAlertTestCase() started | Simple Alert opened | Switched foucs to alert | Alert text is: This is a JavaScript Alert! | Alert closed Test case ended |  </system-out>
  <testcase classname="testNGTests.Activity9" name="confirmAlertTestCase" time="0.090"/>
  <system-out>
confirmAlertTestCase() started | Confirm Alert opened | Switched foucs to alert | Alert text is: This is a JavaScript Confirmation! | Alert closed | Test case ended |  </system-out>
  <testcase classname="testNGTests.Activity9" name="promptAlertTestCase" time="0.097"/>
  <system-out>
promptAlertTestCase() started | Prompt Alert opened | Switched foucs to alert | Alert text is: This is a JavaScript Prompt! | Text entered in prompt alert | Alert closed | Test case ended |  </system-out>
</testsuite> <!-- testNGTests.Activity9 -->
