<?xml version="1.0" encoding="UTF-8"?>
<!-- Generated by org.testng.reporters.JUnitReportReporter -->
<testsuite hostname="DESKTOP-73NPAR6" failures="0" tests="1" name="projectSelenium.Activity4" time="0.070" errors="0" timestamp="2020-12-23T12:12:36 IST" skipped="0">
  <testcase classname="projectSelenium.Activity4" name="f" time="0.070"/>
  <system-out/>
</testsuite> <!-- projectSelenium.Activity4 -->
