<?xml version="1.0" encoding="UTF-8"?>
<!-- Generated by org.testng.reporters.JUnitReportReporter -->
<testsuite hostname="DESKTOP-73NPAR6" failures="0" tests="1" name="projectSelenium.Activity1" time="0.016" errors="0" timestamp="2020-12-23T11:59:35 IST" skipped="0">
  <testcase classname="projectSelenium.Activity1" name="f" time="0.016"/>
  <system-out/>
</testsuite> <!-- projectSelenium.Activity1 -->
