<?xml version="1.0" encoding="UTF-8"?>
<!-- Generated by org.testng.reporters.JUnitReportReporter -->
<testsuite hostname="DESKTOP-73NPAR6" failures="0" tests="1" name="projectSelenium.Activity6" time="2.537" errors="0" timestamp="2020-12-23T21:06:46 IST" skipped="0">
  <testcase classname="projectSelenium.Activity6" name="f" time="2.537"/>
  <system-out/>
</testsuite> <!-- projectSelenium.Activity6 -->
