<?xml version="1.0" encoding="UTF-8"?>
<!-- Generated by org.testng.reporters.JUnitReportReporter -->
<testsuite hostname="DESKTOP-73NPAR6" failures="0" tests="1" name="projectSelenium.Activity8" time="2.241" errors="0" timestamp="2020-12-24T10:48:09 IST" skipped="0">
  <testcase classname="projectSelenium.Activity8" name="f" time="2.241"/>
  <system-out/>
</testsuite> <!-- projectSelenium.Activity8 -->
