<?xml version="1.0" encoding="UTF-8"?>
<!-- Generated by org.testng.reporters.JUnitReportReporter -->
<testsuite hostname="DESKTOP-73NPAR6" failures="0" tests="2" name="testNGTests.DemoOne" time="0.007" errors="0" timestamp="2020-12-23T11:38:28 IST" skipped="0">
  <testcase classname="testNGTests.DemoOne" name="secondTestCase" time="0.002"/>
  <system-out/>
  <testcase classname="testNGTests.DemoOne" name="firstTestCase" time="0.005"/>
  <system-out/>
</testsuite> <!-- testNGTests.DemoOne -->
