<?xml version="1.0" encoding="UTF-8"?>
<!-- Generated by org.testng.reporters.JUnitReportReporter -->
<testsuite hostname="DESKTOP-73NPAR6" failures="0" tests="1" name="testNGTests.DemoTwo" time="0.003" errors="0" timestamp="2020-12-23T11:38:28 IST" skipped="0">
  <testcase classname="testNGTests.DemoTwo" name="TestCase" time="0.003"/>
  <system-out/>
</testsuite> <!-- testNGTests.DemoTwo -->
