<?xml version="1.0" encoding="UTF-8"?>
<!-- Generated by org.testng.reporters.JUnitReportReporter -->
<testsuite hostname="DESKTOP-73NPAR6" failures="0" tests="1" name="projectSelenium.Activity2" time="0.064" errors="0" timestamp="2020-12-23T12:08:05 IST" skipped="0">
  <testcase classname="projectSelenium.Activity2" name="f" time="0.064"/>
  <system-out/>
</testsuite> <!-- projectSelenium.Activity2 -->
