<?xml version="1.0" encoding="UTF-8"?>
<!-- Generated by org.testng.reporters.JUnitReportReporter -->
<testsuite hostname="DESKTOP-73NPAR6" failures="0" tests="1" name="projectSelenium.Activity9" time="8.186" errors="0" timestamp="2020-12-26T21:23:49 IST" skipped="0">
  <testcase classname="projectSelenium.Activity9" name="f" time="8.186"/>
  <system-out/>
</testsuite> <!-- projectSelenium.Activity9 -->
