<?xml version="1.0" encoding="UTF-8"?>
<!-- Generated by org.testng.reporters.JUnitReportReporter -->
<testsuite hostname="DESKTOP-73NPAR6" failures="0" tests="1" name="projectSelenium.Activity5" time="0.692" errors="0" timestamp="2020-12-23T12:33:56 IST" skipped="0">
  <testcase classname="projectSelenium.Activity5" name="f" time="0.692"/>
  <system-out/>
</testsuite> <!-- projectSelenium.Activity5 -->
