<?xml version="1.0" encoding="UTF-8"?>
<!-- Generated by org.testng.reporters.JUnitReportReporter -->
<testsuite hostname="DESKTOP-73NPAR6" failures="0" tests="2" name="testNGTests.Activity7" time="0.673" errors="0" timestamp="2020-12-23T11:38:28 IST" skipped="0">
  <testcase classname="testNGTests.Activity7" name="f" time="0.316"/>
  <system-out/>
  <testcase classname="testNGTests.Activity7" name="f" time="0.357"/>
  <system-out/>
</testsuite> <!-- testNGTests.Activity7 -->
